{"/Users/wlittre/__scripts/percival/index.js":{"path":"/Users/wlittre/__scripts/percival/index.js","s":{"1":1,"2":1,"3":1},"b":{},"f":{},"fnMap":{},"statementMap":{"1":{"start":{"line":6,"column":0},"end":{"line":8,"column":2}},"2":{"start":{"line":7,"column":2},"end":{"line":7,"column":15}},"3":{"start":{"line":10,"column":0},"end":{"line":10,"column":22}}},"branchMap":{}},"/Users/wlittre/__scripts/percival/lib/parse-explicit.js":{"path":"/Users/wlittre/__scripts/percival/lib/parse-explicit.js","s":{},"b":{},"f":{},"fnMap":{},"statementMap":{},"branchMap":{}}}